{"D:\\works\\mesto-works\\testing\\jest\\test_functions\\api.js": {"path":"D:\\works\\mesto-works\\testing\\jest\\test_functions\\api.js","statementMap":{"0":{"start":{"line":2,"column":29},"end":{"line":2,"column":45}},"1":{"start":{"line":3,"column":17},"end":{"line":7,"column":3}},"2":{"start":{"line":5,"column":17},"end":{"line":5,"column":25}},"3":{"start":{"line":6,"column":20},"end":{"line":6,"column":25}},"4":{"start":{"line":8,"column":2},"end":{"line":8,"column":27}}},"fnMap":{"0":{"name":"(anonymous_0)","decl":{"start":{"line":5,"column":10},"end":{"line":5,"column":11}},"loc":{"start":{"line":5,"column":17},"end":{"line":5,"column":25}},"line":5},"1":{"name":"(anonymous_1)","decl":{"start":{"line":6,"column":11},"end":{"line":6,"column":12}},"loc":{"start":{"line":6,"column":20},"end":{"line":6,"column":25}},"line":6}},"branchMap":{},"s":{"0":1,"1":1,"2":1,"3":0,"4":1},"f":{"0":1,"1":0},"b":{},"_coverageSchema":"1a1c01bbd47fc00a2c39e90264f33305004495a9","hash":"2308dbe11b3413e9a1364fa390ab620c78981b39"}
}
